Arguments: 
  /Users/tillkuhn/.nvm/versions/node/v12.18.3/bin/node /usr/local/Cellar/yarn/1.22.4/libexec/bin/yarn.js server

PATH: 
  /Users/tillkuhn/.nvm/versions/node/v12.18.3/bin:/Users/tillkuhn/bin:/Users/tillkuhn/.yarn/bin:/Users/tillkuhn/.config/yarn/global/node_modules/.bin:/Users/tillkuhn/go/bin:/Users/tillkuhn/.sdkman/candidates/java/current/bin:/Users/tillkuhn/.sdkman/candidates/gradle/current/bin:/usr/local/bin:/usr/bin:/bin:/usr/sbin:/sbin:/usr/local/MacGPG2/bin

Yarn version: 
  1.22.4

Node version: 
  12.18.3

Platform: 
  darwin x64

Trace: 
  SyntaxError: /Users/tillkuhn/git/github/angkor/tools/json-server/package.json: Unexpected token } in JSON at position 269
      at JSON.parse (<anonymous>)
      at /usr/local/Cellar/yarn/1.22.4/libexec/lib/cli.js:1625:59
      at Generator.next (<anonymous>)
      at step (/usr/local/Cellar/yarn/1.22.4/libexec/lib/cli.js:310:30)
      at /usr/local/Cellar/yarn/1.22.4/libexec/lib/cli.js:321:13

npm manifest: 
  {
    "name": "json-server",
    "version": "0.0.2",
    "scripts": {
      "server": "json-server --port 8080 --watch server/db.json --routes server/routes.json",
      "server:delay": "json-server --delay 2000 --port 8080 --watch server/db.json --routes server/routes.json",
    },
    "private": true,
    "dependencies": {
    },
    "devDependencies": {
    }
  }

yarn manifest: 
  No manifest

Lockfile: 
  No lockfile
